<?xml version="1.0" encoding="UTF-8"?>
<testsuite xmlns:xsi="http://www.w3.org/2001/XMLSchema-instance" xsi:noNamespaceSchemaLocation="https://maven.apache.org/surefire/maven-surefire-plugin/xsd/surefire-test-report.xsd" name="com.programming.test.TestTelephoneCallRouter" time="0.446" tests="5" errors="0" skipped="0" failures="0">
  <properties>
    <property name="sun.desktop" value="gnome"/>
    <property name="awt.toolkit" value="sun.awt.X11.XToolkit"/>
    <property name="file.encoding.pkg" value="sun.io"/>
    <property name="java.specification.version" value="1.8"/>
    <property name="sun.cpu.isalist" value=""/>
    <property name="sun.jnu.encoding" value="UTF-8"/>
    <property name="java.class.path" value="/home/prra9532/workspace/java-workspace/Programming-Exercise-alaTest/alaTest/target/test-classes:/home/prra9532/workspace/java-workspace/Programming-Exercise-alaTest/alaTest/target/classes:/home/prra9532/.m2/repository/org/mockito/mockito-core/2.0.73-beta/mockito-core-2.0.73-beta.jar:/home/prra9532/.m2/repository/net/bytebuddy/byte-buddy/1.4.3/byte-buddy-1.4.3.jar:/home/prra9532/.m2/repository/org/objenesis/objenesis/2.4/objenesis-2.4.jar:/home/prra9532/.m2/repository/junit/junit/4.10/junit-4.10.jar:/home/prra9532/.m2/repository/org/mockito/mockito-all/1.9.5/mockito-all-1.9.5.jar:/home/prra9532/.m2/repository/com/fasterxml/jackson/core/jackson-databind/2.6.3/jackson-databind-2.6.3.jar:/home/prra9532/.m2/repository/com/fasterxml/jackson/core/jackson-annotations/2.6.0/jackson-annotations-2.6.0.jar:/home/prra9532/.m2/repository/com/fasterxml/jackson/core/jackson-core/2.6.3/jackson-core-2.6.3.jar:/home/prra9532/.m2/repository/org/hamcrest/hamcrest-library/1.3/hamcrest-library-1.3.jar:/home/prra9532/.m2/repository/org/hamcrest/hamcrest-core/1.3/hamcrest-core-1.3.jar:"/>
    <property name="java.vm.vendor" value="Oracle Corporation"/>
    <property name="sun.arch.data.model" value="64"/>
    <property name="java.vendor.url" value="http://java.oracle.com/"/>
    <property name="user.timezone" value=""/>
    <property name="java.vm.specification.version" value="1.8"/>
    <property name="os.name" value="Linux"/>
    <property name="user.country" value="US"/>
    <property name="sun.java.launcher" value="SUN_STANDARD"/>
    <property name="sun.boot.library.path" value="/home/prra9532/programs/jdk1.8.0_191/jre/lib/amd64"/>
    <property name="sun.java.command" value="/home/prra9532/workspace/java-workspace/Programming-Exercise-alaTest/alaTest/target/surefire/surefirebooter6524135878465030436.jar /home/prra9532/workspace/java-workspace/Programming-Exercise-alaTest/alaTest/target/surefire 2019-03-04T13-24-10_404-jvmRun1 surefire743532005691026034tmp surefire_06537770870982277195tmp"/>
    <property name="surefire.test.class.path" value="/home/prra9532/workspace/java-workspace/Programming-Exercise-alaTest/alaTest/target/test-classes:/home/prra9532/workspace/java-workspace/Programming-Exercise-alaTest/alaTest/target/classes:/home/prra9532/.m2/repository/org/mockito/mockito-core/2.0.73-beta/mockito-core-2.0.73-beta.jar:/home/prra9532/.m2/repository/net/bytebuddy/byte-buddy/1.4.3/byte-buddy-1.4.3.jar:/home/prra9532/.m2/repository/org/objenesis/objenesis/2.4/objenesis-2.4.jar:/home/prra9532/.m2/repository/junit/junit/4.10/junit-4.10.jar:/home/prra9532/.m2/repository/org/mockito/mockito-all/1.9.5/mockito-all-1.9.5.jar:/home/prra9532/.m2/repository/com/fasterxml/jackson/core/jackson-databind/2.6.3/jackson-databind-2.6.3.jar:/home/prra9532/.m2/repository/com/fasterxml/jackson/core/jackson-annotations/2.6.0/jackson-annotations-2.6.0.jar:/home/prra9532/.m2/repository/com/fasterxml/jackson/core/jackson-core/2.6.3/jackson-core-2.6.3.jar:/home/prra9532/.m2/repository/org/hamcrest/hamcrest-library/1.3/hamcrest-library-1.3.jar:/home/prra9532/.m2/repository/org/hamcrest/hamcrest-core/1.3/hamcrest-core-1.3.jar:"/>
    <property name="sun.cpu.endian" value="little"/>
    <property name="user.home" value="/home/prra9532"/>
    <property name="user.language" value="en"/>
    <property name="java.specification.vendor" value="Oracle Corporation"/>
    <property name="java.home" value="/home/prra9532/programs/jdk1.8.0_191/jre"/>
    <property name="basedir" value="/home/prra9532/workspace/java-workspace/Programming-Exercise-alaTest/alaTest"/>
    <property name="file.separator" value="/"/>
    <property name="line.separator" value="&#10;"/>
    <property name="java.vm.specification.vendor" value="Oracle Corporation"/>
    <property name="java.specification.name" value="Java Platform API Specification"/>
    <property name="java.awt.graphicsenv" value="sun.awt.X11GraphicsEnvironment"/>
    <property name="surefire.real.class.path" value="/home/prra9532/workspace/java-workspace/Programming-Exercise-alaTest/alaTest/target/surefire/surefirebooter6524135878465030436.jar"/>
    <property name="sun.boot.class.path" value="/home/prra9532/programs/jdk1.8.0_191/jre/lib/resources.jar:/home/prra9532/programs/jdk1.8.0_191/jre/lib/rt.jar:/home/prra9532/programs/jdk1.8.0_191/jre/lib/sunrsasign.jar:/home/prra9532/programs/jdk1.8.0_191/jre/lib/jsse.jar:/home/prra9532/programs/jdk1.8.0_191/jre/lib/jce.jar:/home/prra9532/programs/jdk1.8.0_191/jre/lib/charsets.jar:/home/prra9532/programs/jdk1.8.0_191/jre/lib/jfr.jar:/home/prra9532/programs/jdk1.8.0_191/jre/classes"/>
    <property name="sun.management.compiler" value="HotSpot 64-Bit Tiered Compilers"/>
    <property name="java.runtime.version" value="1.8.0_191-b12"/>
    <property name="user.name" value="prra9532"/>
    <property name="path.separator" value=":"/>
    <property name="os.version" value="4.15.0-43-generic"/>
    <property name="java.endorsed.dirs" value="/home/prra9532/programs/jdk1.8.0_191/jre/lib/endorsed"/>
    <property name="java.runtime.name" value="Java(TM) SE Runtime Environment"/>
    <property name="file.encoding" value="UTF-8"/>
    <property name="java.vm.name" value="Java HotSpot(TM) 64-Bit Server VM"/>
    <property name="localRepository" value="/home/prra9532/.m2/repository"/>
    <property name="java.vendor.url.bug" value="http://bugreport.sun.com/bugreport/"/>
    <property name="java.io.tmpdir" value="/tmp"/>
    <property name="java.version" value="1.8.0_191"/>
    <property name="user.dir" value="/home/prra9532/workspace/java-workspace/Programming-Exercise-alaTest/alaTest"/>
    <property name="os.arch" value="amd64"/>
    <property name="java.vm.specification.name" value="Java Virtual Machine Specification"/>
    <property name="java.awt.printerjob" value="sun.print.PSPrinterJob"/>
    <property name="sun.os.patch.level" value="unknown"/>
    <property name="java.library.path" value="/usr/java/packages/lib/amd64:/usr/lib64:/lib64:/lib:/usr/lib"/>
    <property name="java.vm.info" value="mixed mode"/>
    <property name="java.vendor" value="Oracle Corporation"/>
    <property name="java.vm.version" value="25.191-b12"/>
    <property name="java.ext.dirs" value="/home/prra9532/programs/jdk1.8.0_191/jre/lib/ext:/usr/java/packages/lib/ext"/>
    <property name="sun.io.unicode.encoding" value="UnicodeLittle"/>
    <property name="java.class.version" value="52.0"/>
  </properties>
  <testcase name="test_expect_cheap_price_from_operatorA_when_phonePrefix_is_1" classname="com.programming.test.TestTelephoneCallRouter" time="0.41"/>
  <testcase name="test_expect_cheap_price_from_operatorA_when_phonePrefix_is_46732_and_467" classname="com.programming.test.TestTelephoneCallRouter" time="0"/>
  <testcase name="test_expect_cheap_price_from_operatorA_when_phonePrefix_is_46" classname="com.programming.test.TestTelephoneCallRouter" time="0"/>
  <testcase name="test_expect_cheap_price_from_operatorB_when_phonePrefix_is_44" classname="com.programming.test.TestTelephoneCallRouter" time="0.001"/>
  <testcase name="test_expect_no_price_from_both_operator_when_phonePrefix_is_not_in_list_in_operators" classname="com.programming.test.TestTelephoneCallRouter" time="0.001"/>
</testsuite>